<?xml version="1.0" encoding="utf-8"?>
<coverage line-rate="0.8201" branch-rate="0.5438000000000001" version="1.9" timestamp="1777731878" lines-covered="1792" lines-valid="2185" branches-covered="186" branches-valid="342">
  <sources>
    <source>C:\Users\03bri\Desktop\Bakalaurui PSK project\</source>
  </sources>
  <packages>
    <package name="WorthBoards.Api" line-rate="0.8905" branch-rate="0.65" complexity="185">
      <classes>
        <class name="Program" filename="WorthBoards.Api\Program.cs" line-rate="0.8665999999999999" branch-rate="0.875" complexity="8">
          <methods>
            <method name="&lt;Main&gt;$" signature="(System.String[])" line-rate="0.8665999999999999" branch-rate="0.875" complexity="8">
              <lines>
                <line number="7" hits="9" branch="False" />
                <line number="9" hits="9" branch="False" />
                <line number="10" hits="9" branch="False" />
                <line number="11" hits="9" branch="False" />
                <line number="12" hits="9" branch="False" />
                <line number="13" hits="9" branch="False" />
                <line number="14" hits="9" branch="False" />
                <line number="15" hits="9" branch="False" />
                <line number="17" hits="9" branch="False" />
                <line number="18" hits="9" branch="False" />
                <line number="19" hits="9" branch="False" />
                <line number="21" hits="9" branch="False" />
                <line number="22" hits="9" branch="False" />
                <line number="23" hits="9" branch="False" />
                <line number="24" hits="9" branch="True" condition-coverage="100% (2/2)">
                  <conditions>
                    <condition number="26" type="jump" coverage="100%" />
                  </conditions>
                </line>
                <line number="25" hits="9" branch="False" />
                <line number="26" hits="9" branch="False" />
                <line number="27" hits="9" branch="False" />
                <line number="28" hits="9" branch="False" />
                <line number="30" hits="9" branch="True" condition-coverage="50% (1/2)">
                  <conditions>
                    <condition number="212" type="jump" coverage="50%" />
                  </conditions>
                </line>
                <line number="31" hits="9" branch="False" />
                <line number="33" hits="9" branch="False" />
                <line number="34" hits="9" branch="False" />
                <line number="35" hits="9" branch="False" />
                <line number="36" hits="9" branch="False" />
                <line number="37" hits="9" branch="False" />
                <line number="38" hits="9" branch="False" />
                <line number="39" hits="9" branch="False" />
                <line number="40" hits="18" branch="False" />
                <line number="41" hits="18" branch="False" />
                <line number="43" hits="9" branch="False" />
                <line number="45" hits="9" branch="False" />
                <line number="47" hits="9" branch="True" condition-coverage="100% (2/2)">
                  <conditions>
                    <condition number="330" type="jump" coverage="100%" />
                  </conditions>
                </line>
                <line number="48" hits="9" branch="False" />
                <line number="49" hits="9" branch="False" />
                <line number="50" hits="9" branch="False" />
                <line number="51" hits="9" branch="False" />
                <line number="53" hits="9" branch="False" />
                <line number="54" hits="9" branch="False" />
                <line number="55" hits="9" branch="False" />
                <line number="56" hits="0" branch="False" />
                <line number="57" hits="0" branch="False" />
                <line number="58" hits="9" branch="False" />
                <line number="59" hits="0" branch="False" />
                <line number="60" hits="0" branch="False" />
                <line number="61" hits="0" branch="False" />
                <line number="62" hits="0" branch="False" />
                <line number="63" hits="0" branch="False" />
                <line number="64" hits="0" branch="False" />
                <line number="65" hits="9" branch="False" />
                <line number="67" hits="9" branch="False" />
                <line number="68" hits="9" branch="False" />
                <line number="70" hits="9" branch="False" />
                <line number="72" hits="9" branch="False" />
                <line number="73" hits="9" branch="False" />
                <line number="75" hits="9" branch="False" />
                <line number="76" hits="9" branch="True" condition-coverage="100% (2/2)">
                  <conditions>
                    <condition number="462" type="jump" coverage="100%" />
                  </conditions>
                </line>
                <line number="77" hits="9" branch="False" />
                <line number="79" hits="9" branch="False" />
                <line number="81" hits="9" branch="False" />
              </lines>
            </method>
          </methods>
          <lines>
            <line number="7" hits="9" branch="False" />
            <line number="9" hits="9" branch="False" />
            <line number="10" hits="9" branch="False" />
            <line number="11" hits="9" branch="False" />
            <line number="12" hits="9" branch="False" />
            <line number="13" hits="9" branch="False" />
            <line number="14" hits="9" branch="False" />
            <line number="15" hits="9" branch="False" />
            <line number="17" hits="9" branch="False" />
            <line number="18" hits="9" branch="False" />
            <line number="19" hits="9" branch="False" />
            <line number="21" hits="9" branch="False" />
            <line number="22" hits="9" branch="False" />
            <line number="23" hits="9" branch="False" />
            <line number="24" hits="9" branch="True" condition-coverage="100% (2/2)">
              <conditions>
                <condition number="26" type="jump" coverage="100%" />
              </conditions>
            </line>
            <line number="25" hits="9" branch="False" />
            <line number="26" hits="9" branch="False" />
            <line number="27" hits="9" branch="False" />
            <line number="28" hits="9" branch="False" />
            <line number="30" hits="9" branch="True" condition-coverage="50% (1/2)">
              <conditions>
                <condition number="212" type="jump" coverage="50%" />
              </conditions>
            </line>
            <line number="31" hits="9" branch="False" />
            <line number="33" hits="9" branch="False" />
            <line number="34" hits="9" branch="False" />
            <line number="35" hits="9" branch="False" />
            <line number="36" hits="9" branch="False" />
            <line number="37" hits="9" branch="False" />
            <line number="38" hits="9" branch="False" />
            <line number="39" hits="9" branch="False" />
            <line number="40" hits="18" branch="False" />
            <line number="41" hits="18" branch="False" />
            <line number="43" hits="9" branch="False" />
            <line number="45" hits="9" branch="False" />
            <line number="47" hits="9" branch="True" condition-coverage="100% (2/2)">
              <conditions>
                <condition number="330" type="jump" coverage="100%" />
              </conditions>
            </line>
            <line number="48" hits="9" branch="False" />
            <line number="49" hits="9" branch="False" />
            <line number="50" hits="9" branch="False" />
            <line number="51" hits="9" branch="False" />
            <line number="53" hits="9" branch="False" />
            <line number="54" hits="9" branch="False" />
            <line number="55" hits="9" branch="False" />
            <line number="56" hits="0" branch="False" />
            <line number="57" hits="0" branch="False" />
            <line number="58" hits="9" branch="False" />
            <line number="59" hits="0" branch="False" />
            <line number="60" hits="0" branch="False" />
            <line number="61" hits="0" branch="False" />
            <line number="62" hits="0" branch="False" />
            <line number="63" hits="0" branch="False" />
            <line number="64" hits="0" branch="False" />
            <line number="65" hits="9" branch="False" />
            <line number="67" hits="9" branch="False" />
            <line number="68" hits="9" branch="False" />
            <line number="70" hits="9" branch="False" />
            <line number="72" hits="9" branch="False" />
            <line number="73" hits="9" branch="False" />
            <line number="75" hits="9" branch="False" />
            <line number="76" hits="9" branch="True" condition-coverage="100% (2/2)">
              <conditions>
                <condition number="462" type="jump" coverage="100%" />
              </conditions>
            </line>
            <line number="77" hits="9" branch="False" />
            <line number="79" hits="9" branch="False" />
            <line number="81" hits="9" branch="False" />
          </lines>
        </class>
        <class name="Program/&lt;&gt;c/&lt;&lt;&lt;Main&gt;$&gt;b__0_3&gt;d" filename="WorthBoards.Api\Program.cs" line-rate="1" branch-rate="0" complexity="4">
          <methods />
          <lines />
        </class>
        <class name="Microsoft.Extensions.DependencyInjection.DependencyInjection" filename="WorthBoards.Api\DependencyInjection.cs" line-rate="1" branch-rate="1" complexity="1">
          <methods>
            <method name="AddApiServices" signature="(Microsoft.Extensions.DependencyInjection.IServiceCollection,Microsoft.Extensions.Configuration.IConfiguration)" line-rate="1" branch-rate="1" complexity="1">
              <lines>
                <line number="10" hits="9" branch="False" />
                <line number="11" hits="9" branch="False" />
                <line number="13" hits="9" branch="False" />
                <line number="15" hits="9" branch="False" />
                <line number="16" hits="9" branch="False" />
              </lines>
            </method>
          </methods>
          <lines>
            <line number="10" hits="9" branch="False" />
            <line number="11" hits="9" branch="False" />
            <line number="13" hits="9" branch="False" />
            <line number="15" hits="9" branch="False" />
            <line number="16" hits="9" branch="False" />
          </lines>
        </class>
        <class name="WorthBoards.Api.Utils.AuthorizeRoleAttribute" filename="WorthBoards.Api\Utils\AuthorizeRoleAttribute.cs" line-rate="1" branch-rate="1" complexity="1">
          <methods>
            <method name=".ctor" signature="(WorthBoards.Common.Enums.UserRoleEnum)" line-rate="1" branch-rate="1" complexity="1">
              <lines>
                <line number="8" hits="396" branch="False" />
                <line number="9" hits="396" branch="False" />
                <line number="10" hits="396" branch="False" />
                <line number="11" hits="396" branch="False" />
              </lines>
            </method>
          </methods>
          <lines>
            <line number="8" hits="396" branch="False" />
            <line number="9" hits="396" branch="False" />
            <line number="10" hits="396" branch="False" />
            <line number="11" hits="396" branch="False" />
          </lines>
        </class>
        <class name="WorthBoards.Api.Utils.PermissionHandler" filename="WorthBoards.Api\Utils\PermissionHandler.cs" line-rate="1" branch-rate="1" complexity="1">
          <methods>
            <method name=".ctor" signature="(WorthBoards.Business.Services.Interfaces.IBoardService)" line-rate="1" branch-rate="1" complexity="1">
              <lines>
                <line number="8" hits="188" branch="False" />
              </lines>
            </method>
          </methods>
          <lines>
            <line number="8" hits="188" branch="False" />
          </lines>
        </class>
        <class name="WorthBoards.Api.Utils.PermissionHandler/&lt;&gt;c" filename="WorthBoards.Api\Utils\PermissionHandler.cs" line-rate="1" branch-rate="1" complexity="1">
          <methods>
            <method name="&lt;HandleRequirementAsync&gt;b__2_0" signature="(System.Collections.Generic.KeyValuePair`2&lt;System.String,System.Object&gt;)" line-rate="1" branch-rate="1" complexity="1">
              <lines>
                <line number="20" hits="304" branch="False" />
              </lines>
            </method>
          </methods>
          <lines>
            <line number="20" hits="304" branch="False" />
          </lines>
        </class>
        <class name="WorthBoards.Api.Utils.PermissionHandler/&lt;HandleRequirementAsync&gt;d__2" filename="WorthBoards.Api\Utils\PermissionHandler.cs" line-rate="0.6666" branch-rate="0.5625" complexity="16">
          <methods>
            <method name="MoveNext" signature="()" line-rate="0.6666" branch-rate="0.5625" complexity="16">
              <lines>
                <line number="11" hits="76" branch="False" />
                <line number="12" hits="76" branch="True" condition-coverage="50% (1/2)">
                  <conditions>
                    <condition number="36" type="jump" coverage="50%" />
                  </conditions>
                </line>
                <line number="13" hits="76" branch="True" condition-coverage="50% (1/2)">
                  <conditions>
                    <condition number="60" type="jump" coverage="50%" />
                  </conditions>
                </line>
                <line number="15" hits="76" branch="True" condition-coverage="50% (1/2)">
                  <conditions>
                    <condition number="92" type="jump" coverage="50%" />
                  </conditions>
                </line>
                <line number="16" hits="0" branch="False" />
                <line number="17" hits="0" branch="False" />
                <line number="21" hits="76" branch="True" condition-coverage="50% (1/2)">
                  <conditions>
                    <condition number="164" type="jump" coverage="50%" />
                  </conditions>
                </line>
                <line number="22" hits="76" branch="True" condition-coverage="50% (1/2)">
                  <conditions>
                    <condition number="193" type="jump" coverage="50%" />
                  </conditions>
                </line>
                <line number="23" hits="0" branch="False" />
                <line number="24" hits="0" branch="False" />
                <line number="27" hits="76" branch="True" condition-coverage="50% (1/2)">
                  <conditions>
                    <condition number="224" type="jump" coverage="50%" />
                  </conditions>
                </line>
                <line number="28" hits="76" branch="True" condition-coverage="50% (1/2)">
                  <conditions>
                    <condition number="253" type="jump" coverage="50%" />
                  </conditions>
                </line>
                <line number="29" hits="0" branch="False" />
                <line number="30" hits="0" branch="False" />
                <line number="33" hits="76" branch="False" />
                <line number="35" hits="76" branch="True" condition-coverage="100% (2/2)">
                  <conditions>
                    <condition number="462" type="jump" coverage="100%" />
                  </conditions>
                </line>
                <line number="36" hits="60" branch="False" />
                <line number="37" hits="76" branch="False" />
              </lines>
            </method>
          </methods>
          <lines>
            <line number="11" hits="76" branch="False" />
            <line number="12" hits="76" branch="True" condition-coverage="50% (1/2)">
              <conditions>
                <condition number="36" type="jump" coverage="50%" />
              </conditions>
            </line>
            <line number="13" hits="76" branch="True" condition-coverage="50% (1/2)">
              <conditions>
                <condition number="60" type="jump" coverage="50%" />
              </conditions>
            </line>
            <line number="15" hits="76" branch="True" condition-coverage="50% (1/2)">
              <conditions>
                <condition number="92" type="jump" coverage="50%" />
              </conditions>
            </line>
            <line number="16" hits="0" branch="False" />
            <line number="17" hits="0" branch="False" />
            <line number="21" hits="76" branch="True" condition-coverage="50% (1/2)">
              <conditions>
                <condition number="164" type="jump" coverage="50%" />
              </conditions>
            </line>
            <line number="22" hits="76" branch="True" condition-coverage="50% (1/2)">
              <conditions>
                <condition number="193" type="jump" coverage="50%" />
              </conditions>
            </line>
            <line number="23" hits="0" branch="False" />
            <line number="24" hits="0" branch="False" />
            <line number="27" hits="76" branch="True" condition-coverage="50% (1/2)">
              <conditions>
                <condition number="224" type="jump" coverage="50%" />
              </conditions>
            </line>
            <line number="28" hits="76" branch="True" condition-coverage="50% (1/2)">
              <conditions>
                <condition number="253" type="jump" coverage="50%" />
              </conditions>
            </line>
            <line number="29" hits="0" branch="False" />
            <line number="30" hits="0" branch="False" />
            <line number="33" hits="76" branch="False" />
            <line number="35" hits="76" branch="True" condition-coverage="100% (2/2)">
              <conditions>
                <condition number="462" type="jump" coverage="100%" />
              </conditions>
            </line>
            <line number="36" hits="60" branch="False" />
            <line number="37" hits="76" branch="False" />
          </lines>
        </class>
        <class name="WorthBoards.Api.Utils.PermissionRequirement" filename="WorthBoards.Api\Utils\PermissionRequirement.cs" line-rate="1" branch-rate="1" complexity="2">
          <methods>
            <method name="get_Role" signature="()" line-rate="1" branch-rate="1" complexity="1">
              <lines>
                <line number="8" hits="103" branch="False" />
              </lines>
            </method>
            <method name=".ctor" signature="(WorthBoards.Common.Enums.UserRoleEnum)" line-rate="1" branch-rate="1" complexity="1">
              <lines>
                <line number="10" hits="27" branch="False" />
                <line number="11" hits="27" branch="False" />
                <line number="12" hits="27" branch="False" />
                <line number="13" hits="27" branch="False" />
              </lines>
            </method>
          </methods>
          <lines>
            <line number="8" hits="103" branch="False" />
            <line number="10" hits="27" branch="False" />
            <line number="11" hits="27" branch="False" />
            <line number="12" hits="27" branch="False" />
            <line number="13" hits="27" branch="False" />
          </lines>
        </class>
        <class name="WorthBoards.Api.Utils.UserHelper" filename="WorthBoards.Api\Utils\UserHelper.cs" line-rate="1" branch-rate="0.9" complexity="10">
          <methods>
            <method name="GetUserId" signature="(System.Security.Claims.ClaimsPrincipal)" line-rate="1" branch-rate="1" complexity="6">
              <lines>
                <line number="9" hits="517" branch="False" />
                <line number="10" hits="517" branch="True" condition-coverage="100% (2/2)">
                  <conditions>
                    <condition number="13" type="jump" coverage="100%" />
                  </conditions>
                </line>
                <line number="11" hits="517" branch="True" condition-coverage="100% (4/4)">
                  <conditions>
                    <condition number="31" type="jump" coverage="100%" />
                    <condition number="49" type="jump" coverage="100%" />
                  </conditions>
                </line>
                <line number="12" hits="232" branch="False" />
                <line number="13" hits="232" branch="False" />
                <line number="15" hits="285" branch="False" />
                <line number="16" hits="517" branch="False" />
              </lines>
            </method>
            <method name="GetUsername" signature="(Microsoft.AspNetCore.Http.HttpContext)" line-rate="1" branch-rate="0.75" complexity="4">
              <lines>
                <line number="19" hits="1570" branch="False" />
                <line number="20" hits="1570" branch="True" condition-coverage="75% (3/4)">
                  <conditions>
                    <condition number="13" type="jump" coverage="50%" />
                    <condition number="25" type="jump" coverage="100%" />
                  </conditions>
                </line>
                <line number="21" hits="1570" branch="False" />
              </lines>
            </method>
          </methods>
          <lines>
            <line number="9" hits="517" branch="False" />
            <line number="10" hits="517" branch="True" condition-coverage="100% (2/2)">
              <conditions>
                <condition number="13" type="jump" coverage="100%" />
              </conditions>
            </line>
            <line number="11" hits="517" branch="True" condition-coverage="100% (4/4)">
              <conditions>
                <condition number="31" type="jump" coverage="100%" />
                <condition number="49" type="jump" coverage="100%" />
              </conditions>
            </line>
            <line number="12" hits="232" branch="False" />
            <line number="13" hits="232" branch="False" />
            <line number="15" hits="285" branch="False" />
            <line number="16" hits="517" branch="False" />
            <line number="19" hits="1570" branch="False" />
            <line number="20" hits="1570" branch="True" condition-coverage="75% (3/4)">
              <conditions>
                <condition number="13" type="jump" coverage="50%" />
                <condition number="25" type="jump" coverage="100%" />
              </conditions>
            </line>
            <line number="21" hits="1570" branch="False" />
          </lines>
        </class>
        <class name="WorthBoards.Api.Utils.ExceptionHandler.GlobalExceptionHandler" filename="WorthBoards.Api\Utils\ExceptionHandler\GlobalExceptionHandler.cs" line-rate="1" branch-rate="1" complexity="1">
          <methods>
            <method name=".cctor" signature="()" line-rate="1" branch-rate="1" complexity="1">
              <lines>
                <line number="13" hits="1" branch="False" />
                <line number="14" hits="1" branch="False" />
                <line number="15" hits="1" branch="False" />
                <line number="16" hits="1" branch="False" />
                <line number="17" hits="1" branch="False" />
              </lines>
            </method>
          </methods>
          <lines>
            <line number="13" hits="1" branch="False" />
            <line number="14" hits="1" branch="False" />
            <line number="15" hits="1" branch="False" />
            <line number="16" hits="1" branch="False" />
            <line number="17" hits="1" branch="False" />
          </lines>
        </class>
        <class name="WorthBoards.Api.Utils.ExceptionHandler.GlobalExceptionHandler/&lt;TryHandleAsync&gt;d__1" filename="WorthBoards.Api\Utils\ExceptionHandler\GlobalExceptionHandler.cs" line-rate="0.5294" branch-rate="0.25" complexity="4">
          <methods>
            <method name="MoveNext" signature="()" line-rate="0.5294" branch-rate="0.25" complexity="4">
              <lines>
                <line number="20" hits="15" branch="False" />
                <line number="22" hits="15" branch="False" />
                <line number="24" hits="15" branch="True" condition-coverage="50% (1/2)">
                  <conditions>
                    <condition number="92" type="jump" coverage="50%" />
                  </conditions>
                </line>
                <line number="27" hits="15" branch="False" />
                <line number="28" hits="15" branch="False" />
                <line number="29" hits="15" branch="False" />
                <line number="32" hits="0" branch="False" />
                <line number="33" hits="0" branch="True" condition-coverage="0% (0/2)">
                  <conditions>
                    <condition number="224" type="jump" coverage="0%" />
                  </conditions>
                </line>
                <line number="34" hits="0" branch="False" />
                <line number="35" hits="0" branch="False" />
                <line number="36" hits="0" branch="False" />
                <line number="37" hits="0" branch="False" />
                <line number="38" hits="0" branch="False" />
                <line number="39" hits="0" branch="False" />
                <line number="43" hits="15" branch="False" />
                <line number="44" hits="15" branch="False" />
                <line number="45" hits="15" branch="False" />
              </lines>
            </method>
          </methods>
          <lines>
            <line number="20" hits="15" branch="False" />
            <line number="22" hits="15" branch="False" />
            <line number="24" hits="15" branch="True" condition-coverage="50% (1/2)">
              <conditions>
                <condition number="92" type="jump" coverage="50%" />
              </conditions>
            </line>
            <line number="27" hits="15" branch="False" />
            <line number="28" hits="15" branch="False" />
            <line number="29" hits="15" branch="False" />
            <line number="32" hits="0" branch="False" />
            <line number="33" hits="0" branch="True" condition-coverage="0% (0/2)">
              <conditions>
                <condition number="224" type="jump" coverage="0%" />
              </conditions>
            </line>
            <line number="34" hits="0" branch="False" />
            <line number="35" hits="0" branch="False" />
            <line number="36" hits="0" branch="False" />
            <line number="37" hits="0" branch="False" />
            <line number="38" hits="0" branch="False" />
            <line number="39" hits="0" branch="False" />
            <line number="43" hits="15" branch="False" />
            <line number="44" hits="15" branch="False" />
            <line number="45" hits="15" branch="False" />
          </lines>
        </class>
        <class name="WorthBoards.Api.Middlewares.HttpLoggingMiddleware" filename="WorthBoards.Api\Middlewares\HttpLoggingMiddleware.cs" line-rate="0.8142" branch-rate="0.7082999999999999" complexity="26">
          <methods>
            <method name="LogRequest" signature="(Microsoft.AspNetCore.Http.HttpContext)" line-rate="1" branch-rate="0.6666" complexity="6">
              <lines>
                <line number="36" hits="393" branch="False" />
                <line number="37" hits="393" branch="False" />
                <line number="38" hits="393" branch="False" />
                <line number="39" hits="393" branch="True" condition-coverage="66.66% (4/6)">
                  <conditions>
                    <condition number="50" type="jump" coverage="50%" />
                    <condition number="62" type="jump" coverage="100%" />
                    <condition number="139" type="jump" coverage="50%" />
                  </conditions>
                </line>
                <line number="40" hits="393" branch="False" />
                <line number="41" hits="393" branch="False" />
                <line number="42" hits="393" branch="False" />
                <line number="43" hits="393" branch="False" />
                <line number="44" hits="393" branch="False" />
                <line number="45" hits="393" branch="False" />
                <line number="46" hits="393" branch="False" />
                <line number="47" hits="393" branch="False" />
              </lines>
            </method>
            <method name="LogResponse" signature="(Microsoft.AspNetCore.Http.HttpContext)" line-rate="1" branch-rate="0.75" complexity="4">
              <lines>
                <line number="50" hits="393" branch="False" />
                <line number="51" hits="393" branch="False" />
                <line number="52" hits="393" branch="False" />
                <line number="53" hits="393" branch="True" condition-coverage="75% (3/4)">
                  <conditions>
                    <condition number="50" type="jump" coverage="50%" />
                    <condition number="62" type="jump" coverage="100%" />
                  </conditions>
                </line>
                <line number="54" hits="393" branch="False" />
                <line number="55" hits="393" branch="False" />
                <line number="56" hits="393" branch="False" />
                <line number="57" hits="393" branch="False" />
                <line number="58" hits="393" branch="False" />
              </lines>
            </method>
            <method name="GetJSONRequestBody" signature="(Microsoft.AspNetCore.Http.HttpContext)" line-rate="1" branch-rate="1" complexity="4">
              <lines>
                <line number="61" hits="393" branch="False" />
                <line number="62" hits="393" branch="True" condition-coverage="100% (4/4)">
                  <conditions>
                    <condition number="13" type="jump" coverage="100%" />
                    <condition number="34" type="jump" coverage="100%" />
                  </conditions>
                </line>
                <line number="63" hits="35" branch="False" />
                <line number="65" hits="358" branch="False" />
                <line number="66" hits="358" branch="False" />
                <line number="67" hits="358" branch="False" />
                <line number="68" hits="358" branch="False" />
                <line number="69" hits="358" branch="False" />
                <line number="70" hits="358" branch="False" />
                <line number="71" hits="358" branch="False" />
                <line number="72" hits="358" branch="False" />
                <line number="74" hits="358" branch="False" />
                <line number="76" hits="358" branch="False" />
                <line number="78" hits="393" branch="False" />
              </lines>
            </method>
            <method name="SanitizeBody" signature="(System.String)" line-rate="1" branch-rate="1" complexity="6">
              <lines>
                <line number="81" hits="358" branch="False" />
                <line number="83" hits="358" branch="False" />
                <line number="84" hits="358" branch="False" />
                <line number="87" hits="3404" branch="True" condition-coverage="100% (2/2)">
                  <conditions>
                    <condition number="117" type="jump" coverage="100%" />
                  </conditions>
                </line>
                <line number="88" hits="1177" branch="False" />
                <line number="89" hits="12947" branch="True" condition-coverage="100% (2/2)">
                  <conditions>
                    <condition number="107" type="jump" coverage="100%" />
                  </conditions>
                </line>
                <line number="90" hits="4708" branch="False" />
                <line number="91" hits="4708" branch="True" condition-coverage="100% (2/2)">
                  <conditions>
                    <condition number="76" type="jump" coverage="100%" />
                  </conditions>
                </line>
                <line number="92" hits="355" branch="False" />
                <line number="93" hits="4708" branch="False" />
                <line number="94" hits="1177" branch="False" />
                <line number="96" hits="350" branch="False" />
                <line number="98" hits="8" branch="False" />
                <line number="99" hits="8" branch="False" />
                <line number="100" hits="8" branch="False" />
                <line number="102" hits="358" branch="False" />
              </lines>
            </method>
            <method name="SanitizeQuery" signature="(Microsoft.AspNetCore.Http.QueryString)" line-rate="0" branch-rate="1" complexity="1">
              <lines>
                <line number="105" hits="0" branch="False" />
                <line number="106" hits="0" branch="False" />
                <line number="108" hits="0" branch="False" />
                <line number="109" hits="0" branch="False" />
                <line number="110" hits="0" branch="False" />
                <line number="111" hits="0" branch="False" />
                <line number="112" hits="0" branch="False" />
                <line number="113" hits="0" branch="False" />
                <line number="114" hits="0" branch="False" />
                <line number="115" hits="0" branch="False" />
                <line number="116" hits="0" branch="False" />
                <line number="118" hits="0" branch="False" />
                <line number="119" hits="0" branch="False" />
              </lines>
            </method>
            <method name=".ctor" signature="(Microsoft.AspNetCore.Http.RequestDelegate,Microsoft.Extensions.Logging.ILogger`1&lt;WorthBoards.Api.Middlewares.HttpLoggingMiddleware&gt;)" line-rate="1" branch-rate="1" complexity="1">
              <lines>
                <line number="12" hits="9" branch="False" />
                <line number="16" hits="9" branch="False" />
                <line number="17" hits="9" branch="False" />
                <line number="18" hits="9" branch="False" />
                <line number="19" hits="9" branch="False" />
                <line number="20" hits="9" branch="False" />
              </lines>
            </method>
          </methods>
          <lines>
            <line number="36" hits="393" branch="False" />
            <line number="37" hits="393" branch="False" />
            <line number="38" hits="393" branch="False" />
            <line number="39" hits="393" branch="True" condition-coverage="66.66% (4/6)">
              <conditions>
                <condition number="50" type="jump" coverage="50%" />
                <condition number="62" type="jump" coverage="100%" />
                <condition number="139" type="jump" coverage="50%" />
              </conditions>
            </line>
            <line number="40" hits="393" branch="False" />
            <line number="41" hits="393" branch="False" />
            <line number="42" hits="393" branch="False" />
            <line number="43" hits="393" branch="False" />
            <line number="44" hits="393" branch="False" />
            <line number="45" hits="393" branch="False" />
            <line number="46" hits="393" branch="False" />
            <line number="47" hits="393" branch="False" />
            <line number="50" hits="393" branch="False" />
            <line number="51" hits="393" branch="False" />
            <line number="52" hits="393" branch="False" />
            <line number="53" hits="393" branch="True" condition-coverage="75% (3/4)">
              <conditions>
                <condition number="50" type="jump" coverage="50%" />
                <condition number="62" type="jump" coverage="100%" />
              </conditions>
            </line>
            <line number="54" hits="393" branch="False" />
            <line number="55" hits="393" branch="False" />
            <line number="56" hits="393" branch="False" />
            <line number="57" hits="393" branch="False" />
            <line number="58" hits="393" branch="False" />
            <line number="61" hits="393" branch="False" />
            <line number="62" hits="393" branch="True" condition-coverage="100% (4/4)">
              <conditions>
                <condition number="13" type="jump" coverage="100%" />
                <condition number="34" type="jump" coverage="100%" />
              </conditions>
            </line>
            <line number="63" hits="35" branch="False" />
            <line number="65" hits="358" branch="False" />
            <line number="66" hits="358" branch="False" />
            <line number="67" hits="358" branch="False" />
            <line number="68" hits="358" branch="False" />
            <line number="69" hits="358" branch="False" />
            <line number="70" hits="358" branch="False" />
            <line number="71" hits="358" branch="False" />
            <line number="72" hits="358" branch="False" />
            <line number="74" hits="358" branch="False" />
            <line number="76" hits="358" branch="False" />
            <line number="78" hits="393" branch="False" />
            <line number="81" hits="358" branch="False" />
            <line number="83" hits="358" branch="False" />
            <line number="84" hits="358" branch="False" />
            <line number="87" hits="3404" branch="True" condition-coverage="100% (2/2)">
              <conditions>
                <condition number="117" type="jump" coverage="100%" />
              </conditions>
            </line>
            <line number="88" hits="1177" branch="False" />
            <line number="89" hits="12947" branch="True" condition-coverage="100% (2/2)">
              <conditions>
                <condition number="107" type="jump" coverage="100%" />
              </conditions>
            </line>
            <line number="90" hits="4708" branch="False" />
            <line number="91" hits="4708" branch="True" condition-coverage="100% (2/2)">
              <conditions>
                <condition number="76" type="jump" coverage="100%" />
              </conditions>
            </line>
            <line number="92" hits="355" branch="False" />
            <line number="93" hits="4708" branch="False" />
            <line number="94" hits="1177" branch="False" />
            <line number="96" hits="350" branch="False" />
            <line number="98" hits="8" branch="False" />
            <line number="99" hits="8" branch="False" />
            <line number="100" hits="8" branch="False" />
            <line number="102" hits="358" branch="False" />
            <line number="105" hits="0" branch="False" />
            <line number="106" hits="0" branch="False" />
            <line number="108" hits="0" branch="False" />
            <line number="109" hits="0" branch="False" />
            <line number="110" hits="0" branch="False" />
            <line number="111" hits="0" branch="False" />
            <line number="112" hits="0" branch="False" />
            <line number="113" hits="0" branch="False" />
            <line number="114" hits="0" branch="False" />
            <line number="115" hits="0" branch="False" />
            <line number="116" hits="0" branch="False" />
            <line number="118" hits="0" branch="False" />
            <line number="119" hits="0" branch="False" />
            <line number="12" hits="9" branch="False" />
            <line number="16" hits="9" branch="False" />
            <line number="17" hits="9" branch="False" />
            <line number="18" hits="9" branch="False" />
            <line number="19" hits="9" branch="False" />
            <line number="20" hits="9" branch="False" />
          </lines>
        </class>
        <class name="WorthBoards.Api.Middlewares.HttpLoggingMiddleware/&lt;&gt;c__DisplayClass4_0" filename="WorthBoards.Api\Middlewares\HttpLoggingMiddleware.cs" line-rate="1" branch-rate="1" complexity="1">
          <methods>
            <method name="&lt;InvokeAsync&gt;b__0" signature="()" line-rate="1" branch-rate="1" complexity="1">
              <lines>
                <line number="27" hits="393" branch="False" />
                <line number="28" hits="393" branch="False" />
                <line number="29" hits="393" branch="False" />
                <line number="30" hits="786" branch="False" />
              </lines>
            </method>
          </methods>
          <lines>
            <line number="27" hits="393" branch="False" />
            <line number="28" hits="393" branch="False" />
            <line number="29" hits="393" branch="False" />
            <line number="30" hits="786" branch="False" />
          </lines>
        </class>
        <class name="WorthBoards.Api.Middlewares.HttpLoggingMiddleware/&lt;InvokeAsync&gt;d__4" filename="WorthBoards.Api\Middlewares\HttpLoggingMiddleware.cs" line-rate="1" branch-rate="1" complexity="1">
          <methods>
            <method name="MoveNext" signature="()" line-rate="1" branch-rate="1" complexity="1">
              <lines>
                <line number="23" hits="393" branch="False" />
                <line number="24" hits="393" branch="False" />
                <line number="26" hits="393" branch="False" />
                <line number="32" hits="393" branch="False" />
                <line number="33" hits="378" branch="False" />
              </lines>
            </method>
          </methods>
          <lines>
            <line number="23" hits="393" branch="False" />
            <line number="24" hits="393" branch="False" />
            <line number="26" hits="393" branch="False" />
            <line number="32" hits="393" branch="False" />
            <line number="33" hits="378" branch="False" />
          </lines>
        </class>
        <class name="WorthBoards.Api.Filters.ActionFilters.ControllerLoggingActionFilter" filename="WorthBoards.Api\Filters\ActionFilters\ControllerLoggingActionFilter.cs" line-rate="1" branch-rate="0.5" complexity="10">
          <methods>
            <method name="OnActionExecuted" signature="(Microsoft.AspNetCore.Mvc.Filters.ActionExecutedContext)" line-rate="1" branch-rate="1" complexity="1">
              <lines>
                <line number="47" hits="392" branch="False" />
                <line number="48" hits="392" branch="False" />
                <line number="49" hits="392" branch="False" />
                <line number="50" hits="392" branch="False" />
                <line number="51" hits="392" branch="False" />
                <line number="52" hits="392" branch="False" />
                <line number="53" hits="392" branch="False" />
                <line number="54" hits="392" branch="False" />
                <line number="55" hits="392" branch="False" />
              </lines>
            </method>
            <method name="GetControllerName" signature="(Microsoft.AspNetCore.Mvc.Filters.FilterContext)" line-rate="1" branch-rate="0.5" complexity="4">
              <lines>
                <line number="58" hits="784" branch="False" />
                <line number="59" hits="784" branch="True" condition-coverage="50% (2/4)">
                  <conditions>
                    <condition number="23" type="jump" coverage="50%" />
                    <condition number="35" type="jump" coverage="50%" />
                  </conditions>
                </line>
                <line number="60" hits="784" branch="False" />
              </lines>
            </method>
            <method name="GetActionName" signature="(Microsoft.AspNetCore.Mvc.Filters.FilterContext)" line-rate="1" branch-rate="0.5" complexity="4">
              <lines>
                <line number="63" hits="784" branch="False" />
                <line number="64" hits="784" branch="True" condition-coverage="50% (2/4)">
                  <conditions>
                    <condition number="23" type="jump" coverage="50%" />
                    <condition number="35" type="jump" coverage="50%" />
                  </conditions>
                </line>
                <line number="65" hits="784" branch="False" />
              </lines>
            </method>
            <method name=".ctor" signature="(Microsoft.Extensions.Logging.ILogger`1&lt;WorthBoards.Api.Filters.ActionFilters.ControllerLoggingActionFilter&gt;,WorthBoards.Business.Services.Interfaces.IBoardService)" line-rate="1" branch-rate="1" complexity="1">
              <lines>
                <line number="14" hits="393" branch="False" />
                <line number="15" hits="393" branch="False" />
                <line number="16" hits="393" branch="False" />
                <line number="17" hits="393" branch="False" />
                <line number="18" hits="393" branch="False" />
              </lines>
            </method>
          </methods>
          <lines>
            <line number="47" hits="392" branch="False" />
            <line number="48" hits="392" branch="False" />
            <line number="49" hits="392" branch="False" />
            <line number="50" hits="392" branch="False" />
            <line number="51" hits="392" branch="False" />
            <line number="52" hits="392" branch="False" />
            <line number="53" hits="392" branch="False" />
            <line number="54" hits="392" branch="False" />
            <line number="55" hits="392" branch="False" />
            <line number="58" hits="784" branch="False" />
            <line number="59" hits="784" branch="True" condition-coverage="50% (2/4)">
              <conditions>
                <condition number="23" type="jump" coverage="50%" />
                <condition number="35" type="jump" coverage="50%" />
              </conditions>
            </line>
            <line number="60" hits="784" branch="False" />
            <line number="63" hits="784" branch="False" />
            <line number="64" hits="784" branch="True" condition-coverage="50% (2/4)">
              <conditions>
                <condition number="23" type="jump" coverage="50%" />
                <condition number="35" type="jump" coverage="50%" />
              </conditions>
            </line>
            <line number="65" hits="784" branch="False" />
            <line number="14" hits="393" branch="False" />
            <line number="15" hits="393" branch="False" />
            <line number="16" hits="393" branch="False" />
            <line number="17" hits="393" branch="False" />
            <line number="18" hits="393" branch="False" />
          </lines>
        </class>
        <class name="WorthBoards.Api.Filters.ActionFilters.ControllerLoggingActionFilter/&lt;&gt;c" filename="WorthBoards.Api\Filters\ActionFilters\ControllerLoggingActionFilter.cs" line-rate="1" branch-rate="1" complexity="1">
          <methods>
            <method name="&lt;GetRoleWithBoardIdAsync&gt;b__8_0" signature="(System.Collections.Generic.KeyValuePair`2&lt;System.String,System.Object&gt;)" line-rate="1" branch-rate="1" complexity="1">
              <lines>
                <line number="72" hits="873" branch="False" />
              </lines>
            </method>
          </methods>
          <lines>
            <line number="72" hits="873" branch="False" />
          </lines>
        </class>
        <class name="WorthBoards.Api.Filters.ActionFilters.ControllerLoggingActionFilter/&lt;GetRoleWithBoardIdAsync&gt;d__8" filename="WorthBoards.Api\Filters\ActionFilters\ControllerLoggingActionFilter.cs" line-rate="1" branch-rate="1" complexity="4">
          <methods>
            <method name="MoveNext" signature="()" line-rate="1" branch-rate="1" complexity="4">
              <lines>
                <line number="68" hits="392" branch="False" />
                <line number="69" hits="392" branch="False" />
                <line number="71" hits="392" branch="True" condition-coverage="100% (2/2)">
                  <conditions>
                    <condition number="107" type="jump" coverage="100%" />
                  </conditions>
                </line>
                <line number="73" hits="392" branch="False" />
                <line number="75" hits="392" branch="True" condition-coverage="100% (2/2)">
                  <conditions>
                    <condition number="145" type="jump" coverage="100%" />
                  </conditions>
                </line>
                <line number="76" hits="310" branch="False" />
                <line number="78" hits="82" branch="False" />
                <line number="80" hits="82" branch="False" />
                <line number="81" hits="392" branch="False" />
              </lines>
            </method>
          </methods>
          <lines>
            <line number="68" hits="392" branch="False" />
            <line number="69" hits="392" branch="False" />
            <line number="71" hits="392" branch="True" condition-coverage="100% (2/2)">
              <conditions>
                <condition number="107" type="jump" coverage="100%" />
              </conditions>
            </line>
            <line number="73" hits="392" branch="False" />
            <line number="75" hits="392" branch="True" condition-coverage="100% (2/2)">
              <conditions>
                <condition number="145" type="jump" coverage="100%" />
              </conditions>
            </line>
            <line number="76" hits="310" branch="False" />
            <line number="78" hits="82" branch="False" />
            <line number="80" hits="82" branch="False" />
            <line number="81" hits="392" branch="False" />
          </lines>
        </class>
        <class name="WorthBoards.Api.Filters.ActionFilters.ControllerLoggingActionFilter/&lt;OnActionExecuting&gt;d__4" filename="WorthBoards.Api\Filters\ActionFilters\ControllerLoggingActionFilter.cs" line-rate="1" branch-rate="1" complexity="4">
          <methods>
            <method name="MoveNext" signature="()" line-rate="1" branch-rate="1" complexity="4">
              <lines>
                <line number="30" hits="392" branch="False" />
                <line number="31" hits="392" branch="False" />
                <line number="32" hits="392" branch="True" condition-coverage="100% (2/2)">
                  <conditions>
                    <condition number="172" type="jump" coverage="100%" />
                  </conditions>
                </line>
                <line number="33" hits="392" branch="True" condition-coverage="100% (2/2)">
                  <conditions>
                    <condition number="236" type="jump" coverage="100%" />
                  </conditions>
                </line>
                <line number="35" hits="392" branch="False" />
                <line number="36" hits="392" branch="False" />
                <line number="37" hits="392" branch="False" />
                <line number="38" hits="392" branch="False" />
                <line number="39" hits="392" branch="False" />
                <line number="40" hits="392" branch="False" />
                <line number="41" hits="392" branch="False" />
                <line number="42" hits="392" branch="False" />
                <line number="43" hits="392" branch="False" />
                <line number="44" hits="392" branch="False" />
              </lines>
            </method>
          </methods>
          <lines>
            <line number="30" hits="392" branch="False" />
            <line number="31" hits="392" branch="False" />
            <line number="32" hits="392" branch="True" condition-coverage="100% (2/2)">
              <conditions>
                <condition number="172" type="jump" coverage="100%" />
              </conditions>
            </line>
            <line number="33" hits="392" branch="True" condition-coverage="100% (2/2)">
              <conditions>
                <condition number="236" type="jump" coverage="100%" />
              </conditions>
            </line>
            <line number="35" hits="392" branch="False" />
            <line number="36" hits="392" branch="False" />
            <line number="37" hits="392" branch="False" />
            <line number="38" hits="392" branch="False" />
            <line number="39" hits="392" branch="False" />
            <line number="40" hits="392" branch="False" />
            <line number="41" hits="392" branch="False" />
            <line number="42" hits="392" branch="False" />
            <line number="43" hits="392" branch="False" />
            <line number="44" hits="392" branch="False" />
          </lines>
        </class>
        <class name="WorthBoards.Api.Filters.ActionFilters.ControllerLoggingActionFilter/&lt;OnActionExecutionAsync&gt;d__3" filename="WorthBoards.Api\Filters\ActionFilters\ControllerLoggingActionFilter.cs" line-rate="1" branch-rate="1" complexity="1">
          <methods>
            <method name="MoveNext" signature="()" line-rate="1" branch-rate="1" complexity="1">
              <lines>
                <line number="21" hits="392" branch="False" />
                <line number="22" hits="392" branch="False" />
                <line number="24" hits="392" branch="False" />
                <line number="26" hits="392" branch="False" />
                <line number="27" hits="392" branch="False" />
              </lines>
            </method>
          </methods>
          <lines>
            <line number="21" hits="392" branch="False" />
            <line number="22" hits="392" branch="False" />
            <line number="24" hits="392" branch="False" />
            <line number="26" hits="392" branch="False" />
            <line number="27" hits="392" branch="False" />
          </lines>
        </class>
        <class name="WorthBoards.Api.Controllers.AuthController" filename="WorthBoards.Api\Controllers\AuthController.cs" line-rate="1" branch-rate="1" complexity="1">
          <methods>
            <method name=".ctor" signature="(WorthBoards.Business.Services.Interfaces.IAuthService)" line-rate="1" branch-rate="1" complexity="1">
              <lines>
                <line number="15" hits="233" branch="False" />
              </lines>
            </method>
          </methods>
          <lines>
            <line number="15" hits="233" branch="False" />
          </lines>
        </class>
        <class name="WorthBoards.Api.Controllers.AuthController/&lt;ChangePassword&gt;d__6" filename="WorthBoards.Api\Controllers\AuthController.cs" line-rate="1" branch-rate="0.5" complexity="2">
          <methods>
            <method name="MoveNext" signature="()" line-rate="1" branch-rate="0.5" complexity="2">
              <lines>
                <line number="69" hits="1" branch="False" />
                <line number="70" hits="1" branch="True" condition-coverage="50% (1/2)">
                  <conditions>
                    <condition number="41" type="jump" coverage="50%" />
                  </conditions>
                </line>
                <line number="71" hits="1" branch="False" />
                <line number="73" hits="1" branch="False" />
                <line number="75" hits="1" branch="False" />
                <line number="76" hits="1" branch="False" />
              </lines>
            </method>
          </methods>
          <lines>
            <line number="69" hits="1" branch="False" />
            <line number="70" hits="1" branch="True" condition-coverage="50% (1/2)">
              <conditions>
                <condition number="41" type="jump" coverage="50%" />
              </conditions>
            </line>
            <line number="71" hits="1" branch="False" />
            <line number="73" hits="1" branch="False" />
            <line number="75" hits="1" branch="False" />
            <line number="76" hits="1" branch="False" />
          </lines>
        </class>
        <class name="WorthBoards.Api.Controllers.AuthController/&lt;ForgotPassword&gt;d__4" filename="WorthBoards.Api\Controllers\AuthController.cs" line-rate="1" branch-rate="1" complexity="1">
          <methods>
            <method name="MoveNext" signature="()" line-rate="1" branch-rate="1" complexity="1">
              <lines>
                <line number="51" hits="2" branch="False" />
                <line number="52" hits="2" branch="False" />
                <line number="54" hits="2" branch="False" />
                <line number="55" hits="2" branch="False" />
              </lines>
            </method>
          </methods>
          <lines>
            <line number="51" hits="2" branch="False" />
            <line number="52" hits="2" branch="False" />
            <line number="54" hits="2" branch="False" />
            <line number="55" hits="2" branch="False" />
          </lines>
        </class>
        <class name="WorthBoards.Api.Controllers.AuthController/&lt;LoginUserAsync&gt;d__3" filename="WorthBoards.Api\Controllers\AuthController.cs" line-rate="0.7857" branch-rate="1" complexity="1">
          <methods>
            <method name="MoveNext" signature="()" line-rate="0.7857" branch-rate="1" complexity="1">
              <lines>
                <line number="28" hits="112" branch="False" />
                <line number="30" hits="112" branch="False" />
                <line number="31" hits="112" branch="False" />
                <line number="32" hits="110" branch="False" />
                <line number="34" hits="1" branch="False" />
                <line number="35" hits="1" branch="False" />
                <line number="36" hits="1" branch="False" />
                <line number="38" hits="1" branch="False" />
                <line number="39" hits="1" branch="False" />
                <line number="40" hits="1" branch="False" />
                <line number="42" hits="0" branch="False" />
                <line number="43" hits="0" branch="False" />
                <line number="44" hits="0" branch="False" />
                <line number="46" hits="112" branch="False" />
              </lines>
            </method>
          </methods>
          <lines>
            <line number="28" hits="112" branch="False" />
            <line number="30" hits="112" branch="False" />
            <line number="31" hits="112" branch="False" />
            <line number="32" hits="110" branch="False" />
            <line number="34" hits="1" branch="False" />
            <line number="35" hits="1" branch="False" />
            <line number="36" hits="1" branch="False" />
            <line number="38" hits="1" branch="False" />
            <line number="39" hits="1" branch="False" />
            <line number="40" hits="1" branch="False" />
            <line number="42" hits="0" branch="False" />
            <line number="43" hits="0" branch="False" />
            <line number="44" hits="0" branch="False" />
            <line number="46" hits="112" branch="False" />
          </lines>
        </class>
        <class name="WorthBoards.Api.Controllers.AuthController/&lt;RegisterUserAsync&gt;d__2" filename="WorthBoards.Api\Controllers\AuthController.cs" line-rate="1" branch-rate="1" complexity="1">
          <methods>
            <method name="MoveNext" signature="()" line-rate="1" branch-rate="1" complexity="1">
              <lines>
                <line number="20" hits="116" branch="False" />
                <line number="21" hits="116" branch="False" />
                <line number="22" hits="115" branch="False" />
                <line number="23" hits="115" branch="False" />
              </lines>
            </method>
          </methods>
          <lines>
            <line number="20" hits="116" branch="False" />
            <line number="21" hits="116" branch="False" />
            <line number="22" hits="115" branch="False" />
            <line number="23" hits="115" branch="False" />
          </lines>
        </class>
        <class name="WorthBoards.Api.Controllers.AuthController/&lt;ResetPassword&gt;d__5" filename="WorthBoards.Api\Controllers\AuthController.cs" line-rate="1" branch-rate="1" complexity="1">
          <methods>
            <method name="MoveNext" signature="()" line-rate="1" branch-rate="1" complexity="1">
              <lines>
                <line number="60" hits="2" branch="False" />
                <line number="61" hits="2" branch="False" />
                <line number="63" hits="1" branch="False" />
                <line number="64" hits="1" branch="False" />
              </lines>
            </method>
          </methods>
          <lines>
            <line number="60" hits="2" branch="False" />
            <line number="61" hits="2" branch="False" />
            <line number="63" hits="1" branch="False" />
            <line number="64" hits="1" branch="False" />
          </lines>
        </class>
        <class name="WorthBoards.Api.Controllers.BoardController" filename="WorthBoards.Api\Controllers\BoardController.cs" line-rate="1" branch-rate="1" complexity="1">
          <methods>
            <method name=".ctor" signature="(WorthBoards.Business.Services.Interfaces.IBoardService,WorthBoards.Business.Services.Interfaces.IBoardOnUserService)" line-rate="1" branch-rate="1" complexity="1">
              <lines>
                <line number="14" hits="71" branch="False" />
              </lines>
            </method>
          </methods>
          <lines>
            <line number="14" hits="71" branch="False" />
          </lines>
        </class>
        <class name="WorthBoards.Api.Controllers.BoardController/&lt;CreateBoard&gt;d__4" filename="WorthBoards.Api\Controllers\BoardController.cs" line-rate="0.909" branch-rate="0.75" complexity="4">
          <methods>
            <method name="MoveNext" signature="()" line-rate="0.909" branch-rate="0.75" complexity="4">
              <lines>
                <line number="46" hits="63" branch="False" />
                <line number="47" hits="63" branch="True" condition-coverage="100% (2/2)">
                  <conditions>
                    <condition number="34" type="jump" coverage="100%" />
                  </conditions>
                </line>
                <line number="48" hits="63" branch="False" />
                <line number="49" hits="63" branch="False" />
                <line number="50" hits="63" branch="True" condition-coverage="50% (1/2)">
                  <conditions>
                    <condition number="96" type="jump" coverage="50%" />
                  </conditions>
                </line>
                <line number="51" hits="0" branch="False" />
                <line number="53" hits="63" branch="False" />
                <line number="54" hits="63" branch="False" />
                <line number="56" hits="63" branch="False" />
                <line number="57" hits="63" branch="False" />
                <line number="58" hits="63" branch="False" />
              </lines>
            </method>
          </methods>
          <lines>
            <line number="46" hits="63" branch="False" />
            <line number="47" hits="63" branch="True" condition-coverage="100% (2/2)">
              <conditions>
                <condition number="34" type="jump" coverage="100%" />
              </conditions>
            </line>
            <line number="48" hits="63" branch="False" />
            <line number="49" hits="63" branch="False" />
            <line number="50" hits="63" branch="True" condition-coverage="50% (1/2)">
              <conditions>
                <condition number="96" type="jump" coverage="50%" />
              </conditions>
            </line>
            <line number="51" hits="0" branch="False" />
            <line number="53" hits="63" branch="False" />
            <line number="54" hits="63" branch="False" />
            <line number="56" hits="63" branch="False" />
            <line number="57" hits="63" branch="False" />
            <line number="58" hits="63" branch="False" />
          </lines>
        </class>
        <class name="WorthBoards.Api.Controllers.BoardController/&lt;DeleteBoard&gt;d__5" filename="WorthBoards.Api\Controllers\BoardController.cs" line-rate="1" branch-rate="1" complexity="1">
          <methods>
            <method name="MoveNext" signature="()" line-rate="1" branch-rate="1" complexity="1">
              <lines>
                <line number="63" hits="1" branch="False" />
                <line number="64" hits="1" branch="False" />
                <line number="65" hits="1" branch="False" />
                <line number="66" hits="1" branch="False" />
              </lines>
            </method>
          </methods>
          <lines>
            <line number="63" hits="1" branch="False" />
            <line number="64" hits="1" branch="False" />
            <line number="65" hits="1" branch="False" />
            <line number="66" hits="1" branch="False" />
          </lines>
        </class>
        <class name="WorthBoards.Api.Controllers.BoardController/&lt;GetAllCurrentUserBoards&gt;d__2" filename="WorthBoards.Api\Controllers\BoardController.cs" line-rate="0.9166" branch-rate="0.6666" complexity="6">
          <methods>
            <method name="MoveNext" signature="()" line-rate="0.9166" branch-rate="0.6666" complexity="6">
              <lines>
                <line number="19" hits="1" branch="False" />
                <line number="20" hits="1" branch="True" condition-coverage="100% (2/2)">
                  <conditions>
                    <condition number="34" type="jump" coverage="100%" />
                  </conditions>
                </line>
                <line number="21" hits="1" branch="False" />
                <line number="22" hits="1" branch="False" />
                <line number="23" hits="1" branch="True" condition-coverage="50% (1/2)">
                  <conditions>
                    <condition number="96" type="jump" coverage="50%" />
                  </conditions>
                </line>
                <line number="24" hits="0" branch="False" />
                <line number="26" hits="1" branch="False" />
                <line number="27" hits="1" branch="False" />
                <line number="29" hits="1" branch="False" />
                <line number="31" hits="1" branch="True" condition-coverage="50% (1/2)">
                  <conditions>
                    <condition number="368" type="jump" coverage="50%" />
                  </conditions>
                </line>
                <line number="32" hits="1" branch="False" />
                <line number="33" hits="1" branch="False" />
              </lines>
            </method>
          </methods>
          <lines>
            <line number="19" hits="1" branch="False" />
            <line number="20" hits="1" branch="True" condition-coverage="100% (2/2)">
              <conditions>
                <condition number="34" type="jump" coverage="100%" />
              </conditions>
            </line>
            <line number="21" hits="1" branch="False" />
            <line number="22" hits="1" branch="False" />
            <line number="23" hits="1" branch="True" condition-coverage="50% (1/2)">
              <conditions>
                <condition number="96" type="jump" coverage="50%" />
              </conditions>
            </line>
            <line number="24" hits="0" branch="False" />
            <line number="26" hits="1" branch="False" />
            <line number="27" hits="1" branch="False" />
            <line number="29" hits="1" branch="False" />
            <line number="31" hits="1" branch="True" condition-coverage="50% (1/2)">
              <conditions>
                <condition number="368" type="jump" coverage="50%" />
              </conditions>
            </line>
            <line number="32" hits="1" branch="False" />
            <line number="33" hits="1" branch="False" />
          </lines>
        </class>
        <class name="WorthBoards.Api.Controllers.BoardController/&lt;GetBoardById&gt;d__3" filename="WorthBoards.Api\Controllers\BoardController.cs" line-rate="1" branch-rate="1" complexity="1">
          <methods>
            <method name="MoveNext" signature="()" line-rate="1" branch-rate="1" complexity="1">
              <lines>
                <line number="38" hits="2" branch="False" />
                <line number="39" hits="2" branch="False" />
                <line number="40" hits="1" branch="False" />
                <line number="41" hits="1" branch="False" />
              </lines>
            </method>
          </methods>
          <lines>
            <line number="38" hits="2" branch="False" />
            <line number="39" hits="2" branch="False" />
            <line number="40" hits="1" branch="False" />
            <line number="41" hits="1" branch="False" />
          </lines>
        </class>
        <class name="WorthBoards.Api.Controllers.BoardController/&lt;PatchBoard&gt;d__7" filename="WorthBoards.Api\Controllers\BoardController.cs" line-rate="1" branch-rate="1" complexity="1">
          <methods>
            <method name="MoveNext" signature="()" line-rate="1" branch-rate="1" complexity="1">
              <lines>
                <line number="79" hits="1" branch="False" />
                <line number="80" hits="1" branch="False" />
                <line number="81" hits="1" branch="False" />
                <line number="82" hits="1" branch="False" />
              </lines>
            </method>
          </methods>
          <lines>
            <line number="79" hits="1" branch="False" />
            <line number="80" hits="1" branch="False" />
            <line number="81" hits="1" branch="False" />
            <line number="82" hits="1" branch="False" />
          </lines>
        </class>
        <class name="WorthBoards.Api.Controllers.BoardController/&lt;UpdateBoard&gt;d__6" filename="WorthBoards.Api\Controllers\BoardController.cs" line-rate="1" branch-rate="1" complexity="1">
          <methods>
            <method name="MoveNext" signature="()" line-rate="1" branch-rate="1" complexity="1">
              <lines>
                <line number="71" hits="2" branch="False" />
                <line number="72" hits="2" branch="False" />
                <line number="73" hits="1" branch="False" />
                <line number="74" hits="1" branch="False" />
              </lines>
            </method>
          </methods>
          <lines>
            <line number="71" hits="2" branch="False" />
            <line number="72" hits="2" branch="False" />
            <line number="73" hits="1" branch="False" />
            <line number="74" hits="1" branch="False" />
          </lines>
        </class>
        <class name="WorthBoards.Api.Controllers.BoardOnUserController" filename="WorthBoards.Api\Controllers\BoardOnUserController.cs" line-rate="1" branch-rate="1" complexity="1">
          <methods>
            <method name=".ctor" signature="(WorthBoards.Business.Services.Interfaces.IBoardOnUserService,WorthBoards.Business.Services.Interfaces.INotificationService)" line-rate="1" branch-rate="1" complexity="1">
              <lines>
                <line number="17" hits="15" branch="False" />
              </lines>
            </method>
          </methods>
          <lines>
            <line number="17" hits="15" branch="False" />
          </lines>
        </class>
        <class name="WorthBoards.Api.Controllers.BoardOnUserController/&lt;GetAllBoardToUserLinks&gt;d__5" filename="WorthBoards.Api\Controllers\BoardOnUserController.cs" line-rate="1" branch-rate="1" complexity="1">
          <methods>
            <method name="MoveNext" signature="()" line-rate="1" branch-rate="1" complexity="1">
              <lines>
                <line number="40" hits="1" branch="False" />
                <line number="41" hits="1" branch="False" />
                <line number="42" hits="1" branch="False" />
                <line number="43" hits="1" branch="False" />
              </lines>
            </method>
          </methods>
          <lines>
            <line number="40" hits="1" branch="False" />
            <line number="41" hits="1" branch="False" />
            <line number="42" hits="1" branch="False" />
            <line number="43" hits="1" branch="False" />
          </lines>
        </class>
        <class name="WorthBoards.Api.Controllers.BoardOnUserController/&lt;GetBoardToUserLink&gt;d__6" filename="WorthBoards.Api\Controllers\BoardOnUserController.cs" line-rate="1" branch-rate="1" complexity="1">
          <methods>
            <method name="MoveNext" signature="()" line-rate="1" branch-rate="1" complexity="1">
              <lines>
                <line number="48" hits="2" branch="False" />
                <line number="49" hits="2" branch="False" />
                <line number="50" hits="1" branch="False" />
                <line number="51" hits="1" branch="False" />
              </lines>
            </method>
          </methods>
          <lines>
            <line number="48" hits="2" branch="False" />
            <line number="49" hits="2" branch="False" />
            <line number="50" hits="1" branch="False" />
            <line number="51" hits="1" branch="False" />
          </lines>
        </class>
        <class name="WorthBoards.Api.Controllers.BoardOnUserController/&lt;GetUsersByUserName&gt;d__11" filename="WorthBoards.Api\Controllers\BoardOnUserController.cs" line-rate="0" branch-rate="1" complexity="1">
          <methods>
            <method name="MoveNext" signature="()" line-rate="0" branch-rate="1" complexity="1">
              <lines>
                <line number="88" hits="0" branch="False" />
                <line number="89" hits="0" branch="False" />
                <line number="90" hits="0" branch="False" />
                <line number="91" hits="0" branch="False" />
              </lines>
            </method>
          </methods>
          <lines>
            <line number="88" hits="0" branch="False" />
            <line number="89" hits="0" branch="False" />
            <line number="90" hits="0" branch="False" />
            <line number="91" hits="0" branch="False" />
          </lines>
        </class>
        <class name="WorthBoards.Api.Controllers.BoardOnUserController/&lt;GetUsersLinkedToBoard&gt;d__10" filename="WorthBoards.Api\Controllers\BoardOnUserController.cs" line-rate="1" branch-rate="1" complexity="1">
          <methods>
            <method name="MoveNext" signature="()" line-rate="1" branch-rate="1" complexity="1">
              <lines>
                <line number="80" hits="1" branch="False" />
                <line number="81" hits="1" branch="False" />
                <line number="82" hits="1" branch="False" />
                <line number="83" hits="1" branch="False" />
              </lines>
            </method>
          </methods>
          <lines>
            <line number="80" hits="1" branch="False" />
            <line number="81" hits="1" branch="False" />
            <line number="82" hits="1" branch="False" />
            <line number="83" hits="1" branch="False" />
          </lines>
        </class>
        <class name="WorthBoards.Api.Controllers.BoardOnUserController/&lt;InviteUser&gt;d__3" filename="WorthBoards.Api\Controllers\BoardOnUserController.cs" line-rate="1" branch-rate="1" complexity="1">
          <methods>
            <method name="MoveNext" signature="()" line-rate="1" branch-rate="1" complexity="1">
              <lines>
                <line number="22" hits="3" branch="False" />
                <line number="23" hits="3" branch="False" />
                <line number="24" hits="3" branch="False" />
                <line number="25" hits="3" branch="False" />
                <line number="26" hits="3" branch="False" />
              </lines>
            </method>
          </methods>
          <lines>
            <line number="22" hits="3" branch="False" />
            <line number="23" hits="3" branch="False" />
            <line number="24" hits="3" branch="False" />
            <line number="25" hits="3" branch="False" />
            <line number="26" hits="3" branch="False" />
          </lines>
        </class>
        <class name="WorthBoards.Api.Controllers.BoardOnUserController/&lt;LinkUserToBoard&gt;d__7" filename="WorthBoards.Api\Controllers\BoardOnUserController.cs" line-rate="1" branch-rate="1" complexity="1">
          <methods>
            <method name="MoveNext" signature="()" line-rate="1" branch-rate="1" complexity="1">
              <lines>
                <line number="56" hits="2" branch="False" />
                <line number="57" hits="2" branch="False" />
                <line number="58" hits="1" branch="False" />
                <line number="59" hits="1" branch="False" />
              </lines>
            </method>
          </methods>
          <lines>
            <line number="56" hits="2" branch="False" />
            <line number="57" hits="2" branch="False" />
            <line number="58" hits="1" branch="False" />
            <line number="59" hits="1" branch="False" />
          </lines>
        </class>
        <class name="WorthBoards.Api.Controllers.BoardOnUserController/&lt;PatchUserOnBoard&gt;d__9" filename="WorthBoards.Api\Controllers\BoardOnUserController.cs" line-rate="1" branch-rate="1" complexity="1">
          <methods>
            <method name="MoveNext" signature="()" line-rate="1" branch-rate="1" complexity="1">
              <lines>
                <line number="72" hits="1" branch="False" />
                <line number="73" hits="1" branch="False" />
                <line number="74" hits="1" branch="False" />
                <line number="75" hits="1" branch="False" />
              </lines>
            </method>
          </methods>
          <lines>
            <line number="72" hits="1" branch="False" />
            <line number="73" hits="1" branch="False" />
            <line number="74" hits="1" branch="False" />
            <line number="75" hits="1" branch="False" />
          </lines>
        </class>
        <class name="WorthBoards.Api.Controllers.BoardOnUserController/&lt;RemoveUser&gt;d__4" filename="WorthBoards.Api\Controllers\BoardOnUserController.cs" line-rate="1" branch-rate="1" complexity="1">
          <methods>
            <method name="MoveNext" signature="()" line-rate="1" branch-rate="1" complexity="1">
              <lines>
                <line number="31" hits="2" branch="False" />
                <line number="32" hits="2" branch="False" />
                <line number="33" hits="2" branch="False" />
                <line number="34" hits="1" branch="False" />
                <line number="35" hits="1" branch="False" />
              </lines>
            </method>
          </methods>
          <lines>
            <line number="31" hits="2" branch="False" />
            <line number="32" hits="2" branch="False" />
            <line number="33" hits="2" branch="False" />
            <line number="34" hits="1" branch="False" />
            <line number="35" hits="1" branch="False" />
          </lines>
        </class>
        <class name="WorthBoards.Api.Controllers.BoardOnUserController/&lt;TransferOwnership&gt;d__12" filename="WorthBoards.Api\Controllers\BoardOnUserController.cs" line-rate="1" branch-rate="1" complexity="1">
          <methods>
            <method name="MoveNext" signature="()" line-rate="1" branch-rate="1" complexity="1">
              <lines>
                <line number="96" hits="2" branch="False" />
                <line number="97" hits="2" branch="False" />
                <line number="98" hits="2" branch="False" />
[...]
            <line number="87" hits="2" branch="False" />
            <line number="88" hits="2" branch="False" />
            <line number="90" hits="2" branch="False" />
            <line number="91" hits="2" branch="False" />
            <line number="92" hits="2" branch="False" />
            <line number="93" hits="2" branch="False" />
            <line number="94" hits="2" branch="False" />
            <line number="95" hits="2" branch="False" />
          </lines>
        </class>
        <class name="WorthBoards.Data.Database.PropertyConfigurationManager" filename="WorthBoards.Data\Database\PropertyConfigurationManager.cs" line-rate="1" branch-rate="1" complexity="1">
          <methods>
            <method name="AddConcurrencyTokens" signature="(Microsoft.EntityFrameworkCore.ModelBuilder)" line-rate="1" branch-rate="1" complexity="1">
              <lines>
                <line number="7" hits="2" branch="False" />
                <line number="8" hits="2" branch="False" />
                <line number="9" hits="2" branch="False" />
                <line number="10" hits="2" branch="False" />
                <line number="12" hits="2" branch="False" />
                <line number="13" hits="2" branch="False" />
                <line number="14" hits="2" branch="False" />
                <line number="16" hits="2" branch="False" />
                <line number="17" hits="2" branch="False" />
                <line number="18" hits="2" branch="False" />
                <line number="20" hits="2" branch="False" />
                <line number="21" hits="2" branch="False" />
                <line number="22" hits="2" branch="False" />
                <line number="23" hits="2" branch="False" />
              </lines>
            </method>
          </methods>
          <lines>
            <line number="7" hits="2" branch="False" />
            <line number="8" hits="2" branch="False" />
            <line number="9" hits="2" branch="False" />
            <line number="10" hits="2" branch="False" />
            <line number="12" hits="2" branch="False" />
            <line number="13" hits="2" branch="False" />
            <line number="14" hits="2" branch="False" />
            <line number="16" hits="2" branch="False" />
            <line number="17" hits="2" branch="False" />
            <line number="18" hits="2" branch="False" />
            <line number="20" hits="2" branch="False" />
            <line number="21" hits="2" branch="False" />
            <line number="22" hits="2" branch="False" />
            <line number="23" hits="2" branch="False" />
          </lines>
        </class>
      </classes>
    </package>
    <package name="WorthBoards.Domain" line-rate="0.8301000000000001" branch-rate="1" complexity="53">
      <classes>
        <class name="WorthBoards.Domain.Entities.Board" filename="WorthBoards.Domain\Entities\Board.cs" line-rate="0.875" branch-rate="1" complexity="8">
          <methods>
            <method name="get_Id" signature="()" line-rate="1" branch-rate="1" complexity="1">
              <lines>
                <line number="10" hits="67" branch="False" />
              </lines>
            </method>
            <method name="get_Title" signature="()" line-rate="1" branch-rate="1" complexity="1">
              <lines>
                <line number="13" hits="136" branch="False" />
              </lines>
            </method>
            <method name="get_Description" signature="()" line-rate="1" branch-rate="1" complexity="1">
              <lines>
                <line number="14" hits="133" branch="False" />
              </lines>
            </method>
            <method name="get_ImageName" signature="()" line-rate="1" branch-rate="1" complexity="1">
              <lines>
                <line number="15" hits="133" branch="False" />
              </lines>
            </method>
            <method name="get_CreationDate" signature="()" line-rate="1" branch-rate="1" complexity="1">
              <lines>
                <line number="16" hits="67" branch="False" />
              </lines>
            </method>
            <method name="get_BoardTasks" signature="()" line-rate="0" branch-rate="1" complexity="1">
              <lines>
                <line number="19" hits="0" branch="False" />
              </lines>
            </method>
            <method name="get_BoardOnUsers" signature="()" line-rate="1" branch-rate="1" complexity="1">
              <lines>
                <line number="20" hits="63" branch="False" />
              </lines>
            </method>
            <method name="get_Version" signature="()" line-rate="1" branch-rate="1" complexity="1">
              <lines>
                <line number="24" hits="73" branch="False" />
              </lines>
            </method>
          </methods>
          <lines>
            <line number="10" hits="67" branch="False" />
            <line number="13" hits="136" branch="False" />
            <line number="14" hits="133" branch="False" />
            <line number="15" hits="133" branch="False" />
            <line number="16" hits="67" branch="False" />
            <line number="19" hits="0" branch="False" />
            <line number="20" hits="63" branch="False" />
            <line number="24" hits="73" branch="False" />
          </lines>
        </class>
        <class name="WorthBoards.Domain.Entities.BoardOnUser" filename="WorthBoards.Domain\Entities\BoardOnUser.cs" line-rate="0.6666" branch-rate="1" complexity="6">
          <methods>
            <method name="get_BoardId" signature="()" line-rate="1" branch-rate="1" complexity="1">
              <lines>
                <line number="12" hits="29" branch="False" />
              </lines>
            </method>
            <method name="get_UserId" signature="()" line-rate="1" branch-rate="1" complexity="1">
              <lines>
                <line number="13" hits="95" branch="False" />
              </lines>
            </method>
            <method name="get_AddedAt" signature="()" line-rate="1" branch-rate="1" complexity="1">
              <lines>
                <line number="14" hits="29" branch="False" />
              </lines>
            </method>
            <method name="get_UserRole" signature="()" line-rate="1" branch-rate="1" complexity="1">
              <lines>
                <line number="15" hits="259" branch="False" />
              </lines>
            </method>
            <method name="get_Board" signature="()" line-rate="0" branch-rate="1" complexity="1">
              <lines>
                <line number="18" hits="0" branch="False" />
              </lines>
            </method>
            <method name="get_Version" signature="()" line-rate="0" branch-rate="1" complexity="1">
              <lines>
                <line number="22" hits="0" branch="False" />
              </lines>
            </method>
          </methods>
          <lines>
            <line number="12" hits="29" branch="False" />
            <line number="13" hits="95" branch="False" />
            <line number="14" hits="29" branch="False" />
            <line number="15" hits="259" branch="False" />
            <line number="18" hits="0" branch="False" />
            <line number="22" hits="0" branch="False" />
          </lines>
        </class>
        <class name="WorthBoards.Domain.Entities.BoardTask" filename="WorthBoards.Domain\Entities\BoardTask.cs" line-rate="0.8181" branch-rate="1" complexity="11">
          <methods>
            <method name="get_Id" signature="()" line-rate="1" branch-rate="1" complexity="1">
              <lines>
                <line number="11" hits="47" branch="False" />
              </lines>
            </method>
            <method name="get_BoardId" signature="()" line-rate="1" branch-rate="1" complexity="1">
              <lines>
                <line number="12" hits="98" branch="False" />
              </lines>
            </method>
            <method name="get_Title" signature="()" line-rate="1" branch-rate="1" complexity="1">
              <lines>
                <line number="14" hits="74" branch="False" />
              </lines>
            </method>
            <method name="get_Description" signature="()" line-rate="1" branch-rate="1" complexity="1">
              <lines>
                <line number="15" hits="74" branch="False" />
              </lines>
            </method>
            <method name="get_DeadlineEnd" signature="()" line-rate="1" branch-rate="1" complexity="1">
              <lines>
                <line number="16" hits="74" branch="False" />
              </lines>
            </method>
            <method name="get_CreationDate" signature="()" line-rate="1" branch-rate="1" complexity="1">
              <lines>
                <line number="17" hits="40" branch="False" />
              </lines>
            </method>
            <method name="get_TaskStatus" signature="()" line-rate="1" branch-rate="1" complexity="1">
              <lines>
                <line number="18" hits="74" branch="False" />
              </lines>
            </method>
            <method name="get_Board" signature="()" line-rate="1" branch-rate="1" complexity="1">
              <lines>
                <line number="21" hits="9" branch="False" />
              </lines>
            </method>
            <method name="get_Comments" signature="()" line-rate="0" branch-rate="1" complexity="1">
              <lines>
                <line number="22" hits="0" branch="False" />
              </lines>
            </method>
            <method name="get_TasksOnUsers" signature="()" line-rate="0" branch-rate="1" complexity="1">
              <lines>
                <line number="23" hits="0" branch="False" />
              </lines>
            </method>
            <method name="get_Version" signature="()" line-rate="1" branch-rate="1" complexity="1">
              <lines>
                <line number="27" hits="50" branch="False" />
              </lines>
            </method>
          </methods>
          <lines>
            <line number="11" hits="47" branch="False" />
            <line number="12" hits="98" branch="False" />
            <line number="14" hits="74" branch="False" />
            <line number="15" hits="74" branch="False" />
            <line number="16" hits="74" branch="False" />
            <line number="17" hits="40" branch="False" />
            <line number="18" hits="74" branch="False" />
            <line number="21" hits="9" branch="False" />
            <line number="22" hits="0" branch="False" />
            <line number="23" hits="0" branch="False" />
            <line number="27" hits="50" branch="False" />
          </lines>
        </class>
        <class name="WorthBoards.Domain.Entities.Comment" filename="WorthBoards.Domain\Entities\Comment.cs" line-rate="0.875" branch-rate="1" complexity="8">
          <methods>
            <method name="get_Id" signature="()" line-rate="1" branch-rate="1" complexity="1">
              <lines>
                <line number="10" hits="13" branch="False" />
              </lines>
            </method>
            <method name="get_BoardTaskId" signature="()" line-rate="1" branch-rate="1" complexity="1">
              <lines>
                <line number="11" hits="22" branch="False" />
              </lines>
            </method>
            <method name="get_UserId" signature="()" line-rate="1" branch-rate="1" complexity="1">
              <lines>
                <line number="12" hits="22" branch="False" />
              </lines>
            </method>
            <method name="get_Content" signature="()" line-rate="1" branch-rate="1" complexity="1">
              <lines>
                <line number="13" hits="25" branch="False" />
              </lines>
            </method>
            <method name="get_CreationDate" signature="()" line-rate="1" branch-rate="1" complexity="1">
              <lines>
                <line number="14" hits="13" branch="False" />
              </lines>
            </method>
            <method name="get_Edited" signature="()" line-rate="1" branch-rate="1" complexity="1">
              <lines>
                <line number="15" hits="31" branch="False" />
              </lines>
            </method>
            <method name="get_BoardTask" signature="()" line-rate="0" branch-rate="1" complexity="1">
              <lines>
                <line number="18" hits="0" branch="False" />
              </lines>
            </method>
            <method name="get_Version" signature="()" line-rate="1" branch-rate="1" complexity="1">
              <lines>
                <line number="22" hits="19" branch="False" />
              </lines>
            </method>
          </methods>
          <lines>
            <line number="10" hits="13" branch="False" />
            <line number="11" hits="22" branch="False" />
            <line number="12" hits="22" branch="False" />
            <line number="13" hits="25" branch="False" />
            <line number="14" hits="13" branch="False" />
            <line number="15" hits="31" branch="False" />
            <line number="18" hits="0" branch="False" />
            <line number="22" hits="19" branch="False" />
          </lines>
        </class>
        <class name="WorthBoards.Domain.Entities.Notification" filename="WorthBoards.Domain\Entities\Notification.cs" line-rate="0.9229999999999999" branch-rate="1" complexity="13">
          <methods>
            <method name="get_Id" signature="()" line-rate="1" branch-rate="1" complexity="1">
              <lines>
                <line number="11" hits="5" branch="False" />
              </lines>
            </method>
            <method name="get_SenderId" signature="()" line-rate="1" branch-rate="1" complexity="1">
              <lines>
                <line number="12" hits="40" branch="False" />
              </lines>
            </method>
            <method name="get_SendDate" signature="()" line-rate="1" branch-rate="1" complexity="1">
              <lines>
                <line number="13" hits="2" branch="False" />
              </lines>
            </method>
            <method name="get_NotificationType" signature="()" line-rate="1" branch-rate="1" complexity="1">
              <lines>
                <line number="14" hits="44" branch="False" />
              </lines>
            </method>
            <method name="get_InvitationRole" signature="()" line-rate="1" branch-rate="1" complexity="1">
              <lines>
                <line number="17" hits="6" branch="False" />
              </lines>
            </method>
            <method name="get_SubjectUserId" signature="()" line-rate="1" branch-rate="1" complexity="1">
              <lines>
                <line number="18" hits="9" branch="False" />
              </lines>
            </method>
            <method name="get_BoardId" signature="()" line-rate="1" branch-rate="1" complexity="1">
              <lines>
                <line number="19" hits="43" branch="False" />
              </lines>
            </method>
            <method name="get_TaskId" signature="()" line-rate="1" branch-rate="1" complexity="1">
              <lines>
                <line number="20" hits="36" branch="False" />
              </lines>
            </method>
            <method name="get_OldTaskStatus" signature="()" line-rate="1" branch-rate="1" complexity="1">
              <lines>
                <line number="21" hits="3" branch="False" />
              </lines>
            </method>
            <method name="get_NewTaskStatus" signature="()" line-rate="1" branch-rate="1" complexity="1">
              <lines>
                <line number="22" hits="3" branch="False" />
              </lines>
            </method>
            <method name="get_NotificationsOnUsers" signature="()" line-rate="1" branch-rate="1" complexity="1">
              <lines>
                <line number="26" hits="41" branch="False" />
              </lines>
            </method>
            <method name="get_Board" signature="()" line-rate="1" branch-rate="1" complexity="1">
              <lines>
                <line number="27" hits="2" branch="False" />
              </lines>
            </method>
            <method name="get_Task" signature="()" line-rate="0" branch-rate="1" complexity="1">
              <lines>
                <line number="28" hits="0" branch="False" />
              </lines>
            </method>
          </methods>
          <lines>
            <line number="11" hits="5" branch="False" />
            <line number="12" hits="40" branch="False" />
            <line number="13" hits="2" branch="False" />
            <line number="14" hits="44" branch="False" />
            <line number="17" hits="6" branch="False" />
            <line number="18" hits="9" branch="False" />
            <line number="19" hits="43" branch="False" />
            <line number="20" hits="36" branch="False" />
            <line number="21" hits="3" branch="False" />
            <line number="22" hits="3" branch="False" />
            <line number="26" hits="41" branch="False" />
            <line number="27" hits="2" branch="False" />
            <line number="28" hits="0" branch="False" />
          </lines>
        </class>
        <class name="WorthBoards.Domain.Entities.NotificationOnUser" filename="WorthBoards.Domain\Entities\NotificationOnUser.cs" line-rate="0.6666" branch-rate="1" complexity="3">
          <methods>
            <method name="get_NotificationId" signature="()" line-rate="1" branch-rate="1" complexity="1">
              <lines>
                <line number="10" hits="4" branch="False" />
              </lines>
            </method>
            <method name="get_UserId" signature="()" line-rate="1" branch-rate="1" complexity="1">
              <lines>
                <line number="11" hits="6" branch="False" />
              </lines>
            </method>
            <method name="get_Notification" signature="()" line-rate="0" branch-rate="1" complexity="1">
              <lines>
                <line number="14" hits="0" branch="False" />
              </lines>
            </method>
          </methods>
          <lines>
            <line number="10" hits="4" branch="False" />
            <line number="11" hits="6" branch="False" />
            <line number="14" hits="0" branch="False" />
          </lines>
        </class>
        <class name="WorthBoards.Domain.Entities.TaskOnUser" filename="WorthBoards.Domain\Entities\TaskOnUser.cs" line-rate="0.75" branch-rate="1" complexity="4">
          <methods>
            <method name="get_BoardTaskId" signature="()" line-rate="1" branch-rate="1" complexity="1">
              <lines>
                <line number="10" hits="4" branch="False" />
              </lines>
            </method>
            <method name="get_UserId" signature="()" line-rate="1" branch-rate="1" complexity="1">
              <lines>
                <line number="11" hits="15" branch="False" />
              </lines>
            </method>
            <method name="get_AssignedAt" signature="()" line-rate="1" branch-rate="1" complexity="1">
              <lines>
                <line number="12" hits="5" branch="False" />
              </lines>
            </method>
            <method name="get_BoardTask" signature="()" line-rate="0" branch-rate="1" complexity="1">
              <lines>
                <line number="15" hits="0" branch="False" />
              </lines>
            </method>
          </methods>
          <lines>
            <line number="10" hits="4" branch="False" />
            <line number="11" hits="15" branch="False" />
            <line number="12" hits="5" branch="False" />
            <line number="15" hits="0" branch="False" />
          </lines>
        </class>
      </classes>
    </package>
  </packages>
</coverage>